[0.624s] Invoking command in '/home/nozaki/ros2_ws/src/mypkg': PYTHONPATH=/home/nozaki/ros2_ws/src/mypkg/build/mypkg/prefix_override:/usr/lib/python3/dist-packages/colcon_core/task/python/colcon_distutils_commands:/home/nozaki/ros2_ws/src/mypkg/install/mypkg/lib/python3.8/site-packages:${PYTHONPATH} /usr/bin/python3 -W ignore:setup.py install is deprecated setup.py egg_info --egg-base build/mypkg build --build-base /home/nozaki/ros2_ws/src/mypkg/build/mypkg/build install --record /home/nozaki/ros2_ws/src/mypkg/build/mypkg/install.log --install-scripts $base/lib/mypkg --single-version-externally-managed install_data
[0.763s] running egg_info
[0.763s] creating build/mypkg/mypkg.egg-info
[0.764s] writing build/mypkg/mypkg.egg-info/PKG-INFO
[0.764s] writing dependency_links to build/mypkg/mypkg.egg-info/dependency_links.txt
[0.764s] writing entry points to build/mypkg/mypkg.egg-info/entry_points.txt
[0.764s] writing requirements to build/mypkg/mypkg.egg-info/requires.txt
[0.764s] writing top-level names to build/mypkg/mypkg.egg-info/top_level.txt
[0.771s] writing manifest file 'build/mypkg/mypkg.egg-info/SOURCES.txt'
[0.797s] reading manifest file 'build/mypkg/mypkg.egg-info/SOURCES.txt'
[0.797s] writing manifest file 'build/mypkg/mypkg.egg-info/SOURCES.txt'
[0.797s] running build
[0.797s] running build_py
[0.798s] creating /home/nozaki/ros2_ws/src/mypkg/build/mypkg/build
[0.798s] creating /home/nozaki/ros2_ws/src/mypkg/build/mypkg/build/lib
[0.798s] creating /home/nozaki/ros2_ws/src/mypkg/build/mypkg/build/lib/mypkg
[0.798s] copying mypkg/__init__.py -> /home/nozaki/ros2_ws/src/mypkg/build/mypkg/build/lib/mypkg
[0.798s] copying mypkg/talker.py -> /home/nozaki/ros2_ws/src/mypkg/build/mypkg/build/lib/mypkg
[0.799s] copying mypkg/listener.py -> /home/nozaki/ros2_ws/src/mypkg/build/mypkg/build/lib/mypkg
[0.800s] running install
[0.800s] running install_lib
[0.802s] creating /home/nozaki/ros2_ws/src/mypkg/install/mypkg/lib/python3.8/site-packages/mypkg
[0.803s] copying /home/nozaki/ros2_ws/src/mypkg/build/mypkg/build/lib/mypkg/__init__.py -> /home/nozaki/ros2_ws/src/mypkg/install/mypkg/lib/python3.8/site-packages/mypkg
[0.803s] copying /home/nozaki/ros2_ws/src/mypkg/build/mypkg/build/lib/mypkg/talker.py -> /home/nozaki/ros2_ws/src/mypkg/install/mypkg/lib/python3.8/site-packages/mypkg
[0.803s] copying /home/nozaki/ros2_ws/src/mypkg/build/mypkg/build/lib/mypkg/listener.py -> /home/nozaki/ros2_ws/src/mypkg/install/mypkg/lib/python3.8/site-packages/mypkg
[0.805s] byte-compiling /home/nozaki/ros2_ws/src/mypkg/install/mypkg/lib/python3.8/site-packages/mypkg/__init__.py to __init__.cpython-38.pyc
[0.807s] byte-compiling /home/nozaki/ros2_ws/src/mypkg/install/mypkg/lib/python3.8/site-packages/mypkg/talker.py to talker.cpython-38.pyc
[0.808s] byte-compiling /home/nozaki/ros2_ws/src/mypkg/install/mypkg/lib/python3.8/site-packages/mypkg/listener.py to listener.cpython-38.pyc
[0.808s] running install_data
[0.809s] creating /home/nozaki/ros2_ws/src/mypkg/install/mypkg/share/ament_index
[0.809s] creating /home/nozaki/ros2_ws/src/mypkg/install/mypkg/share/ament_index/resource_index
[0.809s] creating /home/nozaki/ros2_ws/src/mypkg/install/mypkg/share/ament_index/resource_index/packages
[0.809s] copying resource/mypkg -> /home/nozaki/ros2_ws/src/mypkg/install/mypkg/share/ament_index/resource_index/packages
[0.809s] copying package.xml -> /home/nozaki/ros2_ws/src/mypkg/install/mypkg/share/mypkg
[0.809s] copying launch/talk_listen.launch.py -> /home/nozaki/ros2_ws/src/mypkg/install/mypkg/share/mypkg
[0.809s] running install_egg_info
[0.811s] Copying build/mypkg/mypkg.egg-info to /home/nozaki/ros2_ws/src/mypkg/install/mypkg/lib/python3.8/site-packages/mypkg-0.0.0-py3.8.egg-info
[0.811s] running install_scripts
[0.825s] Installing listener script to /home/nozaki/ros2_ws/src/mypkg/install/mypkg/lib/mypkg
[0.825s] Installing talker script to /home/nozaki/ros2_ws/src/mypkg/install/mypkg/lib/mypkg
[0.825s] writing list of installed files to '/home/nozaki/ros2_ws/src/mypkg/build/mypkg/install.log'
[0.844s] Invoked command in '/home/nozaki/ros2_ws/src/mypkg' returned '0': PYTHONPATH=/home/nozaki/ros2_ws/src/mypkg/build/mypkg/prefix_override:/usr/lib/python3/dist-packages/colcon_core/task/python/colcon_distutils_commands:/home/nozaki/ros2_ws/src/mypkg/install/mypkg/lib/python3.8/site-packages:${PYTHONPATH} /usr/bin/python3 -W ignore:setup.py install is deprecated setup.py egg_info --egg-base build/mypkg build --build-base /home/nozaki/ros2_ws/src/mypkg/build/mypkg/build install --record /home/nozaki/ros2_ws/src/mypkg/build/mypkg/install.log --install-scripts $base/lib/mypkg --single-version-externally-managed install_data
